<?xml version="1.0" encoding="UTF-8"?>
<Site BuildName="(empty)"
	BuildStamp="20241024-1329-Experimental"
	Name="(empty)"
	Generator="ctest-3.30.3"
	CompilerName=""
	CompilerVersion=""
	OSName="Windows"
	Hostname="DESKTOP-1AOV6N3"
	OSRelease=" Personal"
	OSVersion=" (Build 22621)"
	OSPlatform="AMD64"
	Is64Bits="1"
	VendorString="GenuineIntel"
	VendorID="Intel Corporation"
	FamilyID="6"
	ModelID="14"
	ProcessorCacheSize="-1"
	NumberOfLogicalCPU="4"
	NumberOfPhysicalCPU="2"
	TotalVirtualMemory="18166"
	TotalPhysicalMemory="8072"
	LogicalProcessorsPerPhysical="2"
	ProcessorClockFrequency="2496"
	>
	<Testing>
		<StartDateTime>Oct 24 16:29 E. Africa Standard Time</StartDateTime>
		<StartTestTime>1729776542</StartTestTime>
		<TestList/>
		<EndDateTime>Oct 24 16:29 E. Africa Standard Time</EndDateTime>
		<EndTestTime>1729776542</EndTestTime>
		<ElapsedMinutes>0</ElapsedMinutes>
	</Testing>
</Site>
